# JRE version: Java(TM) SE Runtime Environment Oracle GraalVM 17.0.8+9.1 (17.0.8+9) (build 17.0.8+9-LTS-jvmci-23.0-b14)
# Java VM: Java HotSpot(TM) 64-Bit Server VM Oracle GraalVM 17.0.8+9.1 (17.0.8+9-LTS-jvmci-23.0-b14, mixed mode, sharing, tiered, jvmci, jvmci compiler, compressed oops, compressed class ptrs, g1 gc, windows-amd64)
GC Precious Log:
 CPUs: 16 total, 16 available
 Memory: 15791M
 Large Page Support: Disabled
 NUMA Support: Disabled
 Compressed Oops: Enabled (32-bit)
 Heap Region Size: 1M
 Heap Min Capacity: 256M
 Heap Initial Capacity: 256M
 Heap Max Capacity: 512M
 Pre-touch: Disabled
 Parallel Workers: 13
 Concurrent Workers: 3
 Concurrent Refinement Workers: 13
 Periodic GC: Disabled
Heap:
 garbage-first heap   total 262144K, used 140411K [0x00000000e0000000, 0x0000000100000000)
  region size 1024K, 8 young (8192K), 5 survivors (5120K)
 Metaspace       used 81375K, committed 82112K, reserved 458752K
  class space    used 10197K, committed 10560K, reserved 327680K
GC Heap History (20 events):
Event: 9.775 GC heap before
{Heap before GC invocations=8 (full 0):
 garbage-first heap   total 262144K, used 187374K [0x00000000e0000000, 0x0000000100000000)
  region size 1024K, 153 young (156672K), 1 survivors (1024K)
 Metaspace       used 54827K, committed 55296K, reserved 393216K
  class space    used 7335K, committed 7552K, reserved 327680K
}
Event: 9.783 GC heap after
{Heap after GC invocations=9 (full 0):
 garbage-first heap   total 262144K, used 41753K [0x00000000e0000000, 0x0000000100000000)
  region size 1024K, 12 young (12288K), 12 survivors (12288K)
 Metaspace       used 54827K, committed 55296K, reserved 393216K
  class space    used 7335K, committed 7552K, reserved 327680K
}
Event: 9.786 GC heap before
{Heap before GC invocations=9 (full 0):
 garbage-first heap   total 262144K, used 42777K [0x00000000e0000000, 0x0000000100000000)
  region size 1024K, 13 young (13312K), 12 survivors (12288K)
 Metaspace       used 54828K, committed 55296K, reserved 393216K
  class space    used 7335K, committed 7552K, reserved 327680K
}
Event: 9.793 GC heap after
{Heap after GC invocations=10 (full 0):
 garbage-first heap   total 262144K, used 42242K [0x00000000e0000000, 0x0000000100000000)
  region size 1024K, 1 young (1024K), 1 survivors (1024K)
 Metaspace       used 54828K, committed 55296K, reserved 393216K
  class space    used 7335K, committed 7552K, reserved 327680K
}
Event: 11.547 GC heap before
{Heap before GC invocations=10 (full 0):
 garbage-first heap   total 262144K, used 145666K [0x00000000e0000000, 0x0000000100000000)
  region size 1024K, 104 young (106496K), 1 survivors (1024K)
 Metaspace       used 60305K, committed 60800K, reserved 393216K
  class space    used 8019K, committed 8256K, reserved 327680K
}
Event: 11.556 GC heap after
{Heap after GC invocations=11 (full 0):
 garbage-first heap   total 262144K, used 48664K [0x00000000e0000000, 0x0000000100000000)
  region size 1024K, 8 young (8192K), 8 survivors (8192K)
 Metaspace       used 60305K, committed 60800K, reserved 393216K
  class space    used 8019K, committed 8256K, reserved 327680K
}
Event: 13.788 GC heap before
{Heap before GC invocations=12 (full 0):
 garbage-first heap   total 262144K, used 197144K [0x00000000e0000000, 0x0000000100000000)
  region size 1024K, 153 young (156672K), 8 survivors (8192K)
 Metaspace       used 62658K, committed 63168K, reserved 393216K
  class space    used 8080K, committed 8320K, reserved 327680K
}
Event: 13.801 GC heap after
{Heap after GC invocations=13 (full 0):
 garbage-first heap   total 262144K, used 68364K [0x00000000e0000000, 0x0000000100000000)
  region size 1024K, 20 young (20480K), 20 survivors (20480K)
 Metaspace       used 62658K, committed 63168K, reserved 393216K
  class space    used 8080K, committed 8320K, reserved 327680K
}
Event: 586.165 GC heap before
{Heap before GC invocations=13 (full 0):
 garbage-first heap   total 262144K, used 199436K [0x00000000e0000000, 0x0000000100000000)
  region size 1024K, 148 young (151552K), 20 survivors (20480K)
 Metaspace       used 64717K, committed 65408K, reserved 393216K
  class space    used 8304K, committed 8640K, reserved 327680K
}
Event: 586.182 GC heap after
{Heap after GC invocations=14 (full 0):
 garbage-first heap   total 262144K, used 74718K [0x00000000e0000000, 0x0000000100000000)
  region size 1024K, 8 young (8192K), 8 survivors (8192K)
 Metaspace       used 64717K, committed 65408K, reserved 393216K
  class space    used 8304K, committed 8640K, reserved 327680K
}
Event: 587.471 GC heap before
{Heap before GC invocations=14 (full 0):
 garbage-first heap   total 262144K, used 201694K [0x00000000e0000000, 0x0000000100000000)
  region size 1024K, 133 young (136192K), 8 survivors (8192K)
 Metaspace       used 65329K, committed 65984K, reserved 393216K
  class space    used 8305K, committed 8640K, reserved 327680K
}
Event: 587.485 GC heap after
{Heap after GC invocations=15 (full 0):
 garbage-first heap   total 262144K, used 90347K [0x00000000e0000000, 0x0000000100000000)
  region size 1024K, 17 young (17408K), 17 survivors (17408K)
 Metaspace       used 65329K, committed 65984K, reserved 393216K
  class space    used 8305K, committed 8640K, reserved 327680K
}
Event: 588.256 GC heap before
{Heap before GC invocations=15 (full 0):
 garbage-first heap   total 262144K, used 200939K [0x00000000e0000000, 0x0000000100000000)
  region size 1024K, 125 young (128000K), 17 survivors (17408K)
 Metaspace       used 65550K, committed 66176K, reserved 393216K
  class space    used 8305K, committed 8640K, reserved 327680K
}
Event: 588.268 GC heap after
{Heap after GC invocations=16 (full 0):
 garbage-first heap   total 262144K, used 96841K [0x00000000e0000000, 0x0000000100000000)
  region size 1024K, 9 young (9216K), 9 survivors (9216K)
 Metaspace       used 65550K, committed 66176K, reserved 393216K
  class space    used 8305K, committed 8640K, reserved 327680K
}
Event: 589.447 GC heap before
{Heap before GC invocations=16 (full 0):
 garbage-first heap   total 262144K, used 202313K [0x00000000e0000000, 0x0000000100000000)
  region size 1024K, 113 young (115712K), 9 survivors (9216K)
 Metaspace       used 68070K, committed 68672K, reserved 393216K
  class space    used 8649K, committed 8960K, reserved 327680K
}
Event: 589.463 GC heap after
{Heap after GC invocations=17 (full 0):
 garbage-first heap   total 262144K, used 111616K [0x00000000e0000000, 0x0000000100000000)
  region size 1024K, 15 young (15360K), 15 survivors (15360K)
 Metaspace       used 68070K, committed 68672K, reserved 393216K
  class space    used 8649K, committed 8960K, reserved 327680K
}
Event: 591.119 GC heap before
{Heap before GC invocations=17 (full 0):
 garbage-first heap   total 262144K, used 202752K [0x00000000e0000000, 0x0000000100000000)
  region size 1024K, 102 young (104448K), 15 survivors (15360K)
 Metaspace       used 75435K, committed 76096K, reserved 458752K
  class space    used 9484K, committed 9792K, reserved 327680K
}
Event: 591.135 GC heap after
{Heap after GC invocations=18 (full 0):
 garbage-first heap   total 262144K, used 132757K [0x00000000e0000000, 0x0000000100000000)
  region size 1024K, 13 young (13312K), 13 survivors (13312K)
 Metaspace       used 75435K, committed 76096K, reserved 458752K
  class space    used 9484K, committed 9792K, reserved 327680K
}
Event: 592.390 GC heap before
{Heap before GC invocations=18 (full 0):
 garbage-first heap   total 262144K, used 201365K [0x00000000e0000000, 0x0000000100000000)
  region size 1024K, 80 young (81920K), 13 survivors (13312K)
 Metaspace       used 81050K, committed 81728K, reserved 458752K
  class space    used 10183K, committed 10496K, reserved 327680K
}
Event: 592.403 GC heap after
{Heap after GC invocations=19 (full 0):
 garbage-first heap   total 262144K, used 138363K [0x00000000e0000000, 0x0000000100000000)
  region size 1024K, 5 young (5120K), 5 survivors (5120K)
 Metaspace       used 81050K, committed 81728K, reserved 458752K
  class space    used 10183K, committed 10496K, reserved 327680K
}

